mode: set
github.com/containeroo/portpatrol/pkg/dynflags/bool.go:13.44,14.20 1 1
github.com/containeroo/portpatrol/pkg/dynflags/bool.go:14.20,16.3 1 1
github.com/containeroo/portpatrol/pkg/dynflags/bool.go:17.2,17.17 1 1
github.com/containeroo/portpatrol/pkg/dynflags/bool.go:20.62,22.2 1 1
github.com/containeroo/portpatrol/pkg/dynflags/bool.go:24.50,25.33 1 1
github.com/containeroo/portpatrol/pkg/dynflags/bool.go:25.33,28.3 2 1
github.com/containeroo/portpatrol/pkg/dynflags/bool.go:29.2,29.56 1 1
github.com/containeroo/portpatrol/pkg/dynflags/bool.go:34.73,45.2 5 1
github.com/containeroo/portpatrol/pkg/dynflags/bool.go:48.63,50.13 2 1
github.com/containeroo/portpatrol/pkg/dynflags/bool.go:50.13,52.3 1 1
github.com/containeroo/portpatrol/pkg/dynflags/bool.go:53.2,53.37 1 1
github.com/containeroo/portpatrol/pkg/dynflags/bool.go:53.37,55.3 1 1
github.com/containeroo/portpatrol/pkg/dynflags/bool.go:56.2,56.63 1 1
github.com/containeroo/portpatrol/pkg/dynflags/bool_slice.go:14.50,15.20 1 1
github.com/containeroo/portpatrol/pkg/dynflags/bool_slice.go:15.20,17.3 1 1
github.com/containeroo/portpatrol/pkg/dynflags/bool_slice.go:18.2,18.17 1 1
github.com/containeroo/portpatrol/pkg/dynflags/bool_slice.go:21.68,23.16 2 1
github.com/containeroo/portpatrol/pkg/dynflags/bool_slice.go:23.16,25.3 1 1
github.com/containeroo/portpatrol/pkg/dynflags/bool_slice.go:26.2,26.20 1 1
github.com/containeroo/portpatrol/pkg/dynflags/bool_slice.go:29.56,30.40 1 1
github.com/containeroo/portpatrol/pkg/dynflags/bool_slice.go:30.40,33.3 2 1
github.com/containeroo/portpatrol/pkg/dynflags/bool_slice.go:34.2,34.56 1 1
github.com/containeroo/portpatrol/pkg/dynflags/bool_slice.go:39.81,42.26 3 1
github.com/containeroo/portpatrol/pkg/dynflags/bool_slice.go:42.26,44.3 1 1
github.com/containeroo/portpatrol/pkg/dynflags/bool_slice.go:45.2,54.13 4 1
github.com/containeroo/portpatrol/pkg/dynflags/bool_slice.go:58.71,60.13 2 1
github.com/containeroo/portpatrol/pkg/dynflags/bool_slice.go:60.13,62.3 1 1
github.com/containeroo/portpatrol/pkg/dynflags/bool_slice.go:63.2,63.37 1 1
github.com/containeroo/portpatrol/pkg/dynflags/bool_slice.go:63.37,65.3 1 1
github.com/containeroo/portpatrol/pkg/dynflags/bool_slice.go:67.2,67.31 1 1
github.com/containeroo/portpatrol/pkg/dynflags/bool_slice.go:67.31,69.3 1 1
github.com/containeroo/portpatrol/pkg/dynflags/bool_slice.go:71.2,71.63 1 1
github.com/containeroo/portpatrol/pkg/dynflags/defaults.go:11.37,16.20 3 1
github.com/containeroo/portpatrol/pkg/dynflags/defaults.go:16.20,19.3 2 1
github.com/containeroo/portpatrol/pkg/dynflags/defaults.go:22.2,22.26 1 1
github.com/containeroo/portpatrol/pkg/dynflags/defaults.go:22.26,25.3 2 1
github.com/containeroo/portpatrol/pkg/dynflags/defaults.go:28.2,28.19 1 1
github.com/containeroo/portpatrol/pkg/dynflags/defaults.go:28.19,30.3 1 1
github.com/containeroo/portpatrol/pkg/dynflags/defaults.go:33.2,33.42 1 1
github.com/containeroo/portpatrol/pkg/dynflags/defaults.go:33.42,37.24 2 1
github.com/containeroo/portpatrol/pkg/dynflags/defaults.go:37.24,39.4 1 1
github.com/containeroo/portpatrol/pkg/dynflags/defaults.go:39.9,41.4 1 1
github.com/containeroo/portpatrol/pkg/dynflags/defaults.go:44.3,44.19 1 1
github.com/containeroo/portpatrol/pkg/dynflags/defaults.go:44.19,46.4 1 1
github.com/containeroo/portpatrol/pkg/dynflags/defaults.go:49.3,49.31 1 1
github.com/containeroo/portpatrol/pkg/dynflags/defaults.go:49.31,51.45 2 1
github.com/containeroo/portpatrol/pkg/dynflags/defaults.go:51.45,54.50 3 1
github.com/containeroo/portpatrol/pkg/dynflags/defaults.go:54.50,56.6 1 1
github.com/containeroo/portpatrol/pkg/dynflags/defaults.go:57.5,58.27 2 1
github.com/containeroo/portpatrol/pkg/dynflags/defaults.go:58.27,60.6 1 1
github.com/containeroo/portpatrol/pkg/dynflags/defaults.go:62.5,62.91 1 1
github.com/containeroo/portpatrol/pkg/dynflags/defaults.go:64.4,64.23 1 1
github.com/containeroo/portpatrol/pkg/dynflags/defaults.go:69.2,69.21 1 1
github.com/containeroo/portpatrol/pkg/dynflags/defaults.go:69.21,72.3 2 1
github.com/containeroo/portpatrol/pkg/dynflags/duration.go:13.48,14.20 1 1
github.com/containeroo/portpatrol/pkg/dynflags/duration.go:14.20,16.3 1 1
github.com/containeroo/portpatrol/pkg/dynflags/duration.go:17.2,17.17 1 1
github.com/containeroo/portpatrol/pkg/dynflags/duration.go:20.66,22.2 1 1
github.com/containeroo/portpatrol/pkg/dynflags/duration.go:24.54,25.42 1 1
github.com/containeroo/portpatrol/pkg/dynflags/duration.go:25.42,28.3 2 1
github.com/containeroo/portpatrol/pkg/dynflags/duration.go:29.2,29.60 1 1
github.com/containeroo/portpatrol/pkg/dynflags/duration.go:34.86,45.2 5 1
github.com/containeroo/portpatrol/pkg/dynflags/duration.go:48.76,50.13 2 1
github.com/containeroo/portpatrol/pkg/dynflags/duration.go:50.13,52.3 1 1
github.com/containeroo/portpatrol/pkg/dynflags/duration.go:53.2,53.49 1 1
github.com/containeroo/portpatrol/pkg/dynflags/duration.go:53.49,55.3 1 1
github.com/containeroo/portpatrol/pkg/dynflags/duration.go:56.2,56.68 1 1
github.com/containeroo/portpatrol/pkg/dynflags/duration_slice.go:14.54,15.20 1 1
github.com/containeroo/portpatrol/pkg/dynflags/duration_slice.go:15.20,17.3 1 1
github.com/containeroo/portpatrol/pkg/dynflags/duration_slice.go:18.2,18.17 1 1
github.com/containeroo/portpatrol/pkg/dynflags/duration_slice.go:21.72,23.16 2 1
github.com/containeroo/portpatrol/pkg/dynflags/duration_slice.go:23.16,25.3 1 1
github.com/containeroo/portpatrol/pkg/dynflags/duration_slice.go:26.2,26.20 1 1
github.com/containeroo/portpatrol/pkg/dynflags/duration_slice.go:29.60,30.53 1 1
github.com/containeroo/portpatrol/pkg/dynflags/duration_slice.go:30.53,33.3 2 1
github.com/containeroo/portpatrol/pkg/dynflags/duration_slice.go:34.2,34.65 1 1
github.com/containeroo/portpatrol/pkg/dynflags/duration_slice.go:39.94,42.26 3 1
github.com/containeroo/portpatrol/pkg/dynflags/duration_slice.go:42.26,44.3 1 1
github.com/containeroo/portpatrol/pkg/dynflags/duration_slice.go:46.2,54.13 4 1
github.com/containeroo/portpatrol/pkg/dynflags/duration_slice.go:58.84,60.13 2 1
github.com/containeroo/portpatrol/pkg/dynflags/duration_slice.go:60.13,62.3 1 1
github.com/containeroo/portpatrol/pkg/dynflags/duration_slice.go:64.2,64.46 1 1
github.com/containeroo/portpatrol/pkg/dynflags/duration_slice.go:64.46,66.3 1 1
github.com/containeroo/portpatrol/pkg/dynflags/duration_slice.go:68.2,68.40 1 1
github.com/containeroo/portpatrol/pkg/dynflags/duration_slice.go:68.40,70.3 1 1
github.com/containeroo/portpatrol/pkg/dynflags/duration_slice.go:72.2,72.72 1 1
github.com/containeroo/portpatrol/pkg/dynflags/dynflags.go:36.44,43.20 2 1
github.com/containeroo/portpatrol/pkg/dynflags/dynflags.go:43.20,43.34 1 0
github.com/containeroo/portpatrol/pkg/dynflags/dynflags.go:44.2,44.11 1 1
github.com/containeroo/portpatrol/pkg/dynflags/dynflags.go:48.41,50.2 1 1
github.com/containeroo/portpatrol/pkg/dynflags/dynflags.go:53.53,55.2 1 1
github.com/containeroo/portpatrol/pkg/dynflags/dynflags.go:58.43,60.2 1 1
github.com/containeroo/portpatrol/pkg/dynflags/dynflags.go:63.53,64.48 1 1
github.com/containeroo/portpatrol/pkg/dynflags/dynflags.go:64.48,66.3 1 1
github.com/containeroo/portpatrol/pkg/dynflags/dynflags.go:68.2,75.14 4 1
github.com/containeroo/portpatrol/pkg/dynflags/dynflags.go:79.44,81.2 1 1
github.com/containeroo/portpatrol/pkg/dynflags/dynflags.go:84.29,87.2 2 1
github.com/containeroo/portpatrol/pkg/dynflags/dynflags.go:90.46,92.2 1 1
github.com/containeroo/portpatrol/pkg/dynflags/flag.go:31.40,33.2 1 1
github.com/containeroo/portpatrol/pkg/dynflags/flag.go:46.39,47.32 1 1
github.com/containeroo/portpatrol/pkg/dynflags/flag.go:47.32,49.3 1 1
github.com/containeroo/portpatrol/pkg/dynflags/flag.go:50.2,50.27 1 1
github.com/containeroo/portpatrol/pkg/dynflags/flags_config.go:12.44,14.2 1 1
github.com/containeroo/portpatrol/pkg/dynflags/flags_config.go:17.54,18.15 1 1
github.com/containeroo/portpatrol/pkg/dynflags/flags_config.go:18.15,20.3 1 1
github.com/containeroo/portpatrol/pkg/dynflags/flags_config.go:22.2,22.27 1 1
github.com/containeroo/portpatrol/pkg/dynflags/flags_config.go:31.63,32.15 1 1
github.com/containeroo/portpatrol/pkg/dynflags/flags_config.go:32.15,34.3 1 1
github.com/containeroo/portpatrol/pkg/dynflags/flags_config.go:36.2,36.29 1 1
github.com/containeroo/portpatrol/pkg/dynflags/flags_config.go:40.58,41.15 1 1
github.com/containeroo/portpatrol/pkg/dynflags/flags_config.go:41.15,43.3 1 1
github.com/containeroo/portpatrol/pkg/dynflags/flags_config.go:45.2,45.18 1 1
github.com/containeroo/portpatrol/pkg/dynflags/flags_config.go:49.44,50.15 1 1
github.com/containeroo/portpatrol/pkg/dynflags/flags_config.go:50.15,52.3 1 1
github.com/containeroo/portpatrol/pkg/dynflags/flags_config.go:54.2,54.47 1 1
github.com/containeroo/portpatrol/pkg/dynflags/flags_parsed.go:11.60,12.15 1 1
github.com/containeroo/portpatrol/pkg/dynflags/flags_parsed.go:12.15,14.3 1 1
github.com/containeroo/portpatrol/pkg/dynflags/flags_parsed.go:16.2,16.28 1 1
github.com/containeroo/portpatrol/pkg/dynflags/flags_parsed.go:25.69,26.15 1 1
github.com/containeroo/portpatrol/pkg/dynflags/flags_parsed.go:26.15,28.3 1 1
github.com/containeroo/portpatrol/pkg/dynflags/flags_parsed.go:29.2,29.57 1 1
github.com/containeroo/portpatrol/pkg/dynflags/flags_parsed.go:29.57,31.3 1 1
github.com/containeroo/portpatrol/pkg/dynflags/flags_parsed.go:32.2,32.12 1 1
github.com/containeroo/portpatrol/pkg/dynflags/flags_parsed.go:36.69,38.2 1 1
github.com/containeroo/portpatrol/pkg/dynflags/flags_parsed.go:47.69,48.15 1 1
github.com/containeroo/portpatrol/pkg/dynflags/flags_parsed.go:48.15,50.3 1 1
github.com/containeroo/portpatrol/pkg/dynflags/flags_parsed.go:52.2,52.35 1 1
github.com/containeroo/portpatrol/pkg/dynflags/flags_parsed.go:56.44,58.49 2 1
github.com/containeroo/portpatrol/pkg/dynflags/flags_parsed.go:58.49,60.32 2 1
github.com/containeroo/portpatrol/pkg/dynflags/flags_parsed.go:60.32,62.4 1 1
github.com/containeroo/portpatrol/pkg/dynflags/flags_parsed.go:63.3,63.36 1 1
github.com/containeroo/portpatrol/pkg/dynflags/flags_parsed.go:65.2,65.38 1 1
github.com/containeroo/portpatrol/pkg/dynflags/float64.go:13.47,14.20 1 1
github.com/containeroo/portpatrol/pkg/dynflags/float64.go:14.20,16.3 1 1
github.com/containeroo/portpatrol/pkg/dynflags/float64.go:17.2,17.17 1 1
github.com/containeroo/portpatrol/pkg/dynflags/float64.go:20.65,22.2 1 1
github.com/containeroo/portpatrol/pkg/dynflags/float64.go:24.53,25.36 1 1
github.com/containeroo/portpatrol/pkg/dynflags/float64.go:25.36,28.3 2 1
github.com/containeroo/portpatrol/pkg/dynflags/float64.go:29.2,29.59 1 1
github.com/containeroo/portpatrol/pkg/dynflags/float64.go:34.79,45.2 5 1
github.com/containeroo/portpatrol/pkg/dynflags/float64.go:48.69,50.13 2 1
github.com/containeroo/portpatrol/pkg/dynflags/float64.go:50.13,52.3 1 1
github.com/containeroo/portpatrol/pkg/dynflags/float64.go:53.2,53.41 1 1
github.com/containeroo/portpatrol/pkg/dynflags/float64.go:53.41,55.3 1 1
github.com/containeroo/portpatrol/pkg/dynflags/float64.go:56.2,56.62 1 1
github.com/containeroo/portpatrol/pkg/dynflags/float64_slice.go:14.53,15.20 1 1
github.com/containeroo/portpatrol/pkg/dynflags/float64_slice.go:15.20,17.3 1 1
github.com/containeroo/portpatrol/pkg/dynflags/float64_slice.go:18.2,18.17 1 1
github.com/containeroo/portpatrol/pkg/dynflags/float64_slice.go:21.71,23.16 2 1
github.com/containeroo/portpatrol/pkg/dynflags/float64_slice.go:23.16,25.3 1 1
github.com/containeroo/portpatrol/pkg/dynflags/float64_slice.go:26.2,26.20 1 1
github.com/containeroo/portpatrol/pkg/dynflags/float64_slice.go:29.59,30.44 1 1
github.com/containeroo/portpatrol/pkg/dynflags/float64_slice.go:30.44,33.3 2 1
github.com/containeroo/portpatrol/pkg/dynflags/float64_slice.go:34.2,34.59 1 1
github.com/containeroo/portpatrol/pkg/dynflags/float64_slice.go:39.87,42.26 3 1
github.com/containeroo/portpatrol/pkg/dynflags/float64_slice.go:42.26,44.3 1 1
github.com/containeroo/portpatrol/pkg/dynflags/float64_slice.go:46.2,54.13 4 1
github.com/containeroo/portpatrol/pkg/dynflags/float64_slice.go:58.77,60.13 2 1
github.com/containeroo/portpatrol/pkg/dynflags/float64_slice.go:60.13,62.3 1 1
github.com/containeroo/portpatrol/pkg/dynflags/float64_slice.go:64.2,64.40 1 1
github.com/containeroo/portpatrol/pkg/dynflags/float64_slice.go:64.40,66.3 1 1
github.com/containeroo/portpatrol/pkg/dynflags/float64_slice.go:68.2,68.34 1 1
github.com/containeroo/portpatrol/pkg/dynflags/float64_slice.go:68.34,70.3 1 1
github.com/containeroo/portpatrol/pkg/dynflags/float64_slice.go:72.2,72.66 1 1
github.com/containeroo/portpatrol/pkg/dynflags/int.go:13.43,14.20 1 1
github.com/containeroo/portpatrol/pkg/dynflags/int.go:14.20,16.3 1 1
github.com/containeroo/portpatrol/pkg/dynflags/int.go:17.2,17.17 1 1
github.com/containeroo/portpatrol/pkg/dynflags/int.go:20.61,22.2 1 1
github.com/containeroo/portpatrol/pkg/dynflags/int.go:24.49,25.32 1 1
github.com/containeroo/portpatrol/pkg/dynflags/int.go:25.32,28.3 2 1
github.com/containeroo/portpatrol/pkg/dynflags/int.go:29.2,29.55 1 1
github.com/containeroo/portpatrol/pkg/dynflags/int.go:34.71,45.2 5 1
github.com/containeroo/portpatrol/pkg/dynflags/int.go:48.61,50.13 2 1
github.com/containeroo/portpatrol/pkg/dynflags/int.go:50.13,52.3 1 1
github.com/containeroo/portpatrol/pkg/dynflags/int.go:53.2,53.35 1 1
github.com/containeroo/portpatrol/pkg/dynflags/int.go:53.35,55.3 1 1
github.com/containeroo/portpatrol/pkg/dynflags/int.go:56.2,56.59 1 1
github.com/containeroo/portpatrol/pkg/dynflags/int_slice.go:14.49,15.20 1 1
github.com/containeroo/portpatrol/pkg/dynflags/int_slice.go:15.20,17.3 1 1
github.com/containeroo/portpatrol/pkg/dynflags/int_slice.go:18.2,18.17 1 1
github.com/containeroo/portpatrol/pkg/dynflags/int_slice.go:21.67,23.16 2 1
github.com/containeroo/portpatrol/pkg/dynflags/int_slice.go:23.16,25.3 1 1
github.com/containeroo/portpatrol/pkg/dynflags/int_slice.go:26.2,26.25 1 1
github.com/containeroo/portpatrol/pkg/dynflags/int_slice.go:29.55,30.32 1 1
github.com/containeroo/portpatrol/pkg/dynflags/int_slice.go:30.32,33.3 2 1
github.com/containeroo/portpatrol/pkg/dynflags/int_slice.go:34.2,34.55 1 1
github.com/containeroo/portpatrol/pkg/dynflags/int_slice.go:39.79,42.26 3 1
github.com/containeroo/portpatrol/pkg/dynflags/int_slice.go:42.26,44.3 1 1
github.com/containeroo/portpatrol/pkg/dynflags/int_slice.go:45.2,53.13 4 1
github.com/containeroo/portpatrol/pkg/dynflags/int_slice.go:57.69,59.13 2 1
github.com/containeroo/portpatrol/pkg/dynflags/int_slice.go:59.13,61.3 1 1
github.com/containeroo/portpatrol/pkg/dynflags/int_slice.go:63.2,63.36 1 1
github.com/containeroo/portpatrol/pkg/dynflags/int_slice.go:63.36,65.3 1 1
github.com/containeroo/portpatrol/pkg/dynflags/int_slice.go:67.2,67.30 1 1
github.com/containeroo/portpatrol/pkg/dynflags/int_slice.go:67.30,69.3 1 1
github.com/containeroo/portpatrol/pkg/dynflags/int_slice.go:71.2,71.62 1 1
github.com/containeroo/portpatrol/pkg/dynflags/ip.go:13.42,14.20 1 1
github.com/containeroo/portpatrol/pkg/dynflags/ip.go:14.20,16.3 1 1
github.com/containeroo/portpatrol/pkg/dynflags/ip.go:17.2,17.17 1 1
github.com/containeroo/portpatrol/pkg/dynflags/ip.go:20.60,22.19 2 1
github.com/containeroo/portpatrol/pkg/dynflags/ip.go:22.19,24.3 1 1
github.com/containeroo/portpatrol/pkg/dynflags/ip.go:25.2,25.21 1 1
github.com/containeroo/portpatrol/pkg/dynflags/ip.go:28.48,29.41 1 1
github.com/containeroo/portpatrol/pkg/dynflags/ip.go:29.41,32.3 2 1
github.com/containeroo/portpatrol/pkg/dynflags/ip.go:33.2,33.54 1 1
github.com/containeroo/portpatrol/pkg/dynflags/ip.go:38.59,40.17 2 1
github.com/containeroo/portpatrol/pkg/dynflags/ip.go:40.17,42.20 2 1
github.com/containeroo/portpatrol/pkg/dynflags/ip.go:42.20,43.76 1 1
github.com/containeroo/portpatrol/pkg/dynflags/ip.go:45.3,45.19 1 1
github.com/containeroo/portpatrol/pkg/dynflags/ip.go:47.2,55.13 4 1
github.com/containeroo/portpatrol/pkg/dynflags/ip.go:59.63,61.13 2 1
github.com/containeroo/portpatrol/pkg/dynflags/ip.go:61.13,63.3 1 1
github.com/containeroo/portpatrol/pkg/dynflags/ip.go:64.2,64.34 1 1
github.com/containeroo/portpatrol/pkg/dynflags/ip.go:64.34,66.3 1 1
github.com/containeroo/portpatrol/pkg/dynflags/ip.go:68.2,68.59 1 1
github.com/containeroo/portpatrol/pkg/dynflags/ip_slice.go:14.48,15.20 1 1
github.com/containeroo/portpatrol/pkg/dynflags/ip_slice.go:15.20,17.3 1 1
github.com/containeroo/portpatrol/pkg/dynflags/ip_slice.go:18.2,18.17 1 1
github.com/containeroo/portpatrol/pkg/dynflags/ip_slice.go:21.66,23.15 2 1
github.com/containeroo/portpatrol/pkg/dynflags/ip_slice.go:23.15,25.3 1 1
github.com/containeroo/portpatrol/pkg/dynflags/ip_slice.go:26.2,26.16 1 1
github.com/containeroo/portpatrol/pkg/dynflags/ip_slice.go:29.54,30.34 1 1
github.com/containeroo/portpatrol/pkg/dynflags/ip_slice.go:30.34,33.3 2 1
github.com/containeroo/portpatrol/pkg/dynflags/ip_slice.go:34.2,34.58 1 1
github.com/containeroo/portpatrol/pkg/dynflags/ip_slice.go:39.81,42.27 3 1
github.com/containeroo/portpatrol/pkg/dynflags/ip_slice.go:42.27,44.3 1 1
github.com/containeroo/portpatrol/pkg/dynflags/ip_slice.go:46.2,54.13 4 1
github.com/containeroo/portpatrol/pkg/dynflags/ip_slice.go:58.71,60.13 2 1
github.com/containeroo/portpatrol/pkg/dynflags/ip_slice.go:60.13,62.3 1 1
github.com/containeroo/portpatrol/pkg/dynflags/ip_slice.go:64.2,64.41 1 1
github.com/containeroo/portpatrol/pkg/dynflags/ip_slice.go:64.41,66.3 1 1
github.com/containeroo/portpatrol/pkg/dynflags/ip_slice.go:68.2,68.33 1 1
github.com/containeroo/portpatrol/pkg/dynflags/ip_slice.go:68.33,70.3 1 1
github.com/containeroo/portpatrol/pkg/dynflags/ip_slice.go:72.2,72.65 1 1
github.com/containeroo/portpatrol/pkg/dynflags/parser.go:9.48,10.33 1 1
github.com/containeroo/portpatrol/pkg/dynflags/parser.go:10.33,15.17 3 1
github.com/containeroo/portpatrol/pkg/dynflags/parser.go:15.17,17.39 1 1
github.com/containeroo/portpatrol/pkg/dynflags/parser.go:17.39,19.5 1 1
github.com/containeroo/portpatrol/pkg/dynflags/parser.go:20.4,21.12 2 1
github.com/containeroo/portpatrol/pkg/dynflags/parser.go:25.3,26.17 2 1
github.com/containeroo/portpatrol/pkg/dynflags/parser.go:26.17,28.39 1 1
github.com/containeroo/portpatrol/pkg/dynflags/parser.go:28.39,30.5 1 1
github.com/containeroo/portpatrol/pkg/dynflags/parser.go:31.4,32.12 2 1
github.com/containeroo/portpatrol/pkg/dynflags/parser.go:36.3,36.80 1 1
github.com/containeroo/portpatrol/pkg/dynflags/parser.go:36.80,37.39 1 1
github.com/containeroo/portpatrol/pkg/dynflags/parser.go:37.39,39.5 1 1
github.com/containeroo/portpatrol/pkg/dynflags/parser.go:40.4,40.50 1 1
github.com/containeroo/portpatrol/pkg/dynflags/parser.go:43.2,43.12 1 1
github.com/containeroo/portpatrol/pkg/dynflags/parser.go:47.100,48.35 1 1
github.com/containeroo/portpatrol/pkg/dynflags/parser.go:48.35,51.3 1 1
github.com/containeroo/portpatrol/pkg/dynflags/parser.go:53.2,56.32 2 1
github.com/containeroo/portpatrol/pkg/dynflags/parser.go:56.32,59.3 2 1
github.com/containeroo/portpatrol/pkg/dynflags/parser.go:62.2,62.70 1 1
github.com/containeroo/portpatrol/pkg/dynflags/parser.go:62.70,65.3 2 1
github.com/containeroo/portpatrol/pkg/dynflags/parser.go:68.2,68.64 1 1
github.com/containeroo/portpatrol/pkg/dynflags/parser.go:72.78,74.21 2 1
github.com/containeroo/portpatrol/pkg/dynflags/parser.go:74.21,76.3 1 1
github.com/containeroo/portpatrol/pkg/dynflags/parser.go:77.2,77.42 1 1
github.com/containeroo/portpatrol/pkg/dynflags/parser.go:81.86,82.64 1 1
github.com/containeroo/portpatrol/pkg/dynflags/parser.go:82.64,83.56 1 1
github.com/containeroo/portpatrol/pkg/dynflags/parser.go:83.56,87.4 2 1
github.com/containeroo/portpatrol/pkg/dynflags/parser.go:91.2,91.76 1 1
github.com/containeroo/portpatrol/pkg/dynflags/parser.go:95.109,97.16 2 1
github.com/containeroo/portpatrol/pkg/dynflags/parser.go:97.16,99.3 1 1
github.com/containeroo/portpatrol/pkg/dynflags/parser.go:101.2,101.52 1 1
github.com/containeroo/portpatrol/pkg/dynflags/parser.go:101.52,103.3 1 0
github.com/containeroo/portpatrol/pkg/dynflags/parser.go:105.2,106.12 2 1
github.com/containeroo/portpatrol/pkg/dynflags/parser.go:110.102,111.58 1 1
github.com/containeroo/portpatrol/pkg/dynflags/parser.go:111.58,112.31 1 1
github.com/containeroo/portpatrol/pkg/dynflags/parser.go:112.31,114.4 1 1
github.com/containeroo/portpatrol/pkg/dynflags/parser.go:117.2,123.17 3 1
github.com/containeroo/portpatrol/pkg/dynflags/string.go:10.46,11.20 1 1
github.com/containeroo/portpatrol/pkg/dynflags/string.go:11.20,13.3 1 1
github.com/containeroo/portpatrol/pkg/dynflags/string.go:14.2,14.17 1 1
github.com/containeroo/portpatrol/pkg/dynflags/string.go:17.64,19.2 1 1
github.com/containeroo/portpatrol/pkg/dynflags/string.go:21.52,22.35 1 1
github.com/containeroo/portpatrol/pkg/dynflags/string.go:22.35,25.3 2 1
github.com/containeroo/portpatrol/pkg/dynflags/string.go:26.2,26.58 1 1
github.com/containeroo/portpatrol/pkg/dynflags/string.go:31.63,42.2 5 1
github.com/containeroo/portpatrol/pkg/dynflags/string.go:45.67,47.13 2 1
github.com/containeroo/portpatrol/pkg/dynflags/string.go:47.13,49.3 1 1
github.com/containeroo/portpatrol/pkg/dynflags/string.go:50.2,50.35 1 1
github.com/containeroo/portpatrol/pkg/dynflags/string.go:50.35,52.3 1 1
github.com/containeroo/portpatrol/pkg/dynflags/string.go:54.2,54.62 1 1
github.com/containeroo/portpatrol/pkg/dynflags/string_slice.go:13.52,14.20 1 1
github.com/containeroo/portpatrol/pkg/dynflags/string_slice.go:14.20,16.3 1 1
github.com/containeroo/portpatrol/pkg/dynflags/string_slice.go:17.2,17.17 1 1
github.com/containeroo/portpatrol/pkg/dynflags/string_slice.go:20.70,22.2 1 1
github.com/containeroo/portpatrol/pkg/dynflags/string_slice.go:24.58,25.35 1 1
github.com/containeroo/portpatrol/pkg/dynflags/string_slice.go:25.35,28.3 2 1
github.com/containeroo/portpatrol/pkg/dynflags/string_slice.go:29.2,29.58 1 1
github.com/containeroo/portpatrol/pkg/dynflags/string_slice.go:34.85,45.2 5 1
github.com/containeroo/portpatrol/pkg/dynflags/string_slice.go:48.75,50.13 2 1
github.com/containeroo/portpatrol/pkg/dynflags/string_slice.go:50.13,52.3 1 1
github.com/containeroo/portpatrol/pkg/dynflags/string_slice.go:54.2,54.42 1 1
github.com/containeroo/portpatrol/pkg/dynflags/string_slice.go:54.42,56.3 1 1
github.com/containeroo/portpatrol/pkg/dynflags/string_slice.go:58.2,58.35 1 1
github.com/containeroo/portpatrol/pkg/dynflags/string_slice.go:58.35,60.3 1 1
github.com/containeroo/portpatrol/pkg/dynflags/string_slice.go:62.2,62.65 1 1
github.com/containeroo/portpatrol/pkg/dynflags/url.go:13.43,14.20 1 1
github.com/containeroo/portpatrol/pkg/dynflags/url.go:14.20,16.3 1 1
github.com/containeroo/portpatrol/pkg/dynflags/url.go:17.2,17.17 1 1
github.com/containeroo/portpatrol/pkg/dynflags/url.go:20.61,22.2 1 1
github.com/containeroo/portpatrol/pkg/dynflags/url.go:24.49,25.43 1 1
github.com/containeroo/portpatrol/pkg/dynflags/url.go:25.43,28.3 2 1
github.com/containeroo/portpatrol/pkg/dynflags/url.go:29.2,29.55 1 1
github.com/containeroo/portpatrol/pkg/dynflags/url.go:34.60,36.17 2 1
github.com/containeroo/portpatrol/pkg/dynflags/url.go:36.17,38.17 2 1
github.com/containeroo/portpatrol/pkg/dynflags/url.go:38.17,39.74 1 1
github.com/containeroo/portpatrol/pkg/dynflags/url.go:41.3,41.19 1 1
github.com/containeroo/portpatrol/pkg/dynflags/url.go:43.2,51.13 4 1
github.com/containeroo/portpatrol/pkg/dynflags/url.go:55.66,57.13 2 1
github.com/containeroo/portpatrol/pkg/dynflags/url.go:57.13,59.3 1 1
github.com/containeroo/portpatrol/pkg/dynflags/url.go:60.2,60.36 1 1
github.com/containeroo/portpatrol/pkg/dynflags/url.go:60.36,62.3 1 1
github.com/containeroo/portpatrol/pkg/dynflags/url.go:64.2,64.60 1 1
github.com/containeroo/portpatrol/pkg/dynflags/url_slice.go:14.49,15.20 1 1
github.com/containeroo/portpatrol/pkg/dynflags/url_slice.go:15.20,17.3 1 1
github.com/containeroo/portpatrol/pkg/dynflags/url_slice.go:18.2,18.17 1 1
github.com/containeroo/portpatrol/pkg/dynflags/url_slice.go:21.67,23.16 2 1
github.com/containeroo/portpatrol/pkg/dynflags/url_slice.go:23.16,25.3 1 1
github.com/containeroo/portpatrol/pkg/dynflags/url_slice.go:26.2,26.23 1 1
github.com/containeroo/portpatrol/pkg/dynflags/url_slice.go:29.55,30.43 1 1
github.com/containeroo/portpatrol/pkg/dynflags/url_slice.go:30.43,33.3 2 1
github.com/containeroo/portpatrol/pkg/dynflags/url_slice.go:34.2,34.60 1 1
github.com/containeroo/portpatrol/pkg/dynflags/url_slice.go:39.84,42.26 3 1
github.com/containeroo/portpatrol/pkg/dynflags/url_slice.go:42.26,44.3 1 1
github.com/containeroo/portpatrol/pkg/dynflags/url_slice.go:46.2,54.13 4 1
github.com/containeroo/portpatrol/pkg/dynflags/url_slice.go:58.74,60.13 2 1
github.com/containeroo/portpatrol/pkg/dynflags/url_slice.go:60.13,62.3 1 1
github.com/containeroo/portpatrol/pkg/dynflags/url_slice.go:64.2,64.44 1 1
github.com/containeroo/portpatrol/pkg/dynflags/url_slice.go:64.44,66.3 1 1
github.com/containeroo/portpatrol/pkg/dynflags/url_slice.go:68.2,68.35 1 1
github.com/containeroo/portpatrol/pkg/dynflags/url_slice.go:68.35,70.3 1 1
github.com/containeroo/portpatrol/pkg/dynflags/url_slice.go:72.2,72.67 1 1
